06-Apr-2017 10:27:14.987 INFO [main] org.apache.catalina.startup.VersionLoggerListener.log Server version:        Apache Tomcat/8.5.12
06-Apr-2017 10:27:15.052 INFO [main] org.apache.catalina.startup.VersionLoggerListener.log Server built:          Mar 8 2017 17:41:47 UTC
06-Apr-2017 10:27:15.052 INFO [main] org.apache.catalina.startup.VersionLoggerListener.log Server number:         8.5.12.0
06-Apr-2017 10:27:15.052 INFO [main] org.apache.catalina.startup.VersionLoggerListener.log OS Name:               Linux
06-Apr-2017 10:27:15.053 INFO [main] org.apache.catalina.startup.VersionLoggerListener.log OS Version:            4.4.0-71-generic
06-Apr-2017 10:27:15.053 INFO [main] org.apache.catalina.startup.VersionLoggerListener.log Architecture:          amd64
06-Apr-2017 10:27:15.053 INFO [main] org.apache.catalina.startup.VersionLoggerListener.log Java Home:             /usr/lib/jvm/jdk1.8.0_121/jre
06-Apr-2017 10:27:15.053 INFO [main] org.apache.catalina.startup.VersionLoggerListener.log JVM Version:           1.8.0_121-b13
06-Apr-2017 10:27:15.053 INFO [main] org.apache.catalina.startup.VersionLoggerListener.log JVM Vendor:            Oracle Corporation
06-Apr-2017 10:27:15.053 INFO [main] org.apache.catalina.startup.VersionLoggerListener.log CATALINA_BASE:         /home/kinthon/github/java_back_end_learning/java_web_framework/java_servlet_jsp/tomcat
06-Apr-2017 10:27:15.054 INFO [main] org.apache.catalina.startup.VersionLoggerListener.log CATALINA_HOME:         /home/kinthon/github/java_back_end_learning/java_web_framework/java_servlet_jsp/tomcat
06-Apr-2017 10:27:15.054 INFO [main] org.apache.catalina.startup.VersionLoggerListener.log Command line argument: -Djava.util.logging.config.file=/home/kinthon/github/java_back_end_learning/java_web_framework/java_servlet_jsp/tomcat/conf/logging.properties
06-Apr-2017 10:27:15.054 INFO [main] org.apache.catalina.startup.VersionLoggerListener.log Command line argument: -Djava.util.logging.manager=org.apache.juli.ClassLoaderLogManager
06-Apr-2017 10:27:15.055 INFO [main] org.apache.catalina.startup.VersionLoggerListener.log Command line argument: -Djdk.tls.ephemeralDHKeySize=2048
06-Apr-2017 10:27:15.055 INFO [main] org.apache.catalina.startup.VersionLoggerListener.log Command line argument: -Djava.protocol.handler.pkgs=org.apache.catalina.webresources
06-Apr-2017 10:27:15.055 INFO [main] org.apache.catalina.startup.VersionLoggerListener.log Command line argument: -Dcatalina.base=/home/kinthon/github/java_back_end_learning/java_web_framework/java_servlet_jsp/tomcat
06-Apr-2017 10:27:15.055 INFO [main] org.apache.catalina.startup.VersionLoggerListener.log Command line argument: -Dcatalina.home=/home/kinthon/github/java_back_end_learning/java_web_framework/java_servlet_jsp/tomcat
06-Apr-2017 10:27:15.056 INFO [main] org.apache.catalina.startup.VersionLoggerListener.log Command line argument: -Djava.io.tmpdir=/home/kinthon/github/java_back_end_learning/java_web_framework/java_servlet_jsp/tomcat/temp
06-Apr-2017 10:27:15.056 INFO [main] org.apache.catalina.core.AprLifecycleListener.lifecycleEvent The APR based Apache Tomcat Native library which allows optimal performance in production environments was not found on the java.library.path: /usr/java/packages/lib/amd64:/usr/lib64:/lib64:/lib:/usr/lib
06-Apr-2017 10:27:15.415 INFO [main] org.apache.coyote.AbstractProtocol.init Initializing ProtocolHandler ["http-nio-8080"]
06-Apr-2017 10:27:15.506 INFO [main] org.apache.tomcat.util.net.NioSelectorPool.getSharedSelector Using a shared selector for servlet write/read
06-Apr-2017 10:27:15.535 INFO [main] org.apache.coyote.AbstractProtocol.init Initializing ProtocolHandler ["ajp-nio-8009"]
06-Apr-2017 10:27:15.537 INFO [main] org.apache.tomcat.util.net.NioSelectorPool.getSharedSelector Using a shared selector for servlet write/read
06-Apr-2017 10:27:15.538 INFO [main] org.apache.catalina.startup.Catalina.load Initialization processed in 1729 ms
06-Apr-2017 10:27:15.689 INFO [main] org.apache.catalina.core.StandardService.startInternal Starting service Catalina
06-Apr-2017 10:27:15.689 INFO [main] org.apache.catalina.core.StandardEngine.startInternal Starting Servlet Engine: Apache Tomcat/8.5.12
06-Apr-2017 10:27:15.776 INFO [localhost-startStop-1] org.apache.catalina.startup.HostConfig.deployWAR Deploying web application archive /home/kinthon/github/java_back_end_learning/java_web_framework/java_servlet_jsp/tomcat/webapps/trucks.war
06-Apr-2017 10:27:16.638 INFO [localhost-startStop-1] org.apache.catalina.startup.HostConfig.deployWAR Deployment of web application archive /home/kinthon/github/java_back_end_learning/java_web_framework/java_servlet_jsp/tomcat/webapps/trucks.war has finished in 861 ms
06-Apr-2017 10:27:16.639 INFO [localhost-startStop-1] org.apache.catalina.startup.HostConfig.deployDirectory Deploying web application directory /home/kinthon/github/java_back_end_learning/java_web_framework/java_servlet_jsp/tomcat/webapps/manager
06-Apr-2017 10:27:16.705 INFO [localhost-startStop-1] org.apache.catalina.startup.HostConfig.deployDirectory Deployment of web application directory /home/kinthon/github/java_back_end_learning/java_web_framework/java_servlet_jsp/tomcat/webapps/manager has finished in 66 ms
06-Apr-2017 10:27:16.705 INFO [localhost-startStop-1] org.apache.catalina.startup.HostConfig.deployDirectory Deploying web application directory /home/kinthon/github/java_back_end_learning/java_web_framework/java_servlet_jsp/tomcat/webapps/jspBaseTest
06-Apr-2017 10:27:17.080 INFO [localhost-startStop-1] org.apache.jasper.servlet.TldScanner.scanJars At least one JAR was scanned for TLDs yet contained no TLDs. Enable debug logging for this logger for a complete list of JARs that were scanned but no TLDs were found in them. Skipping unneeded JARs during scanning can improve startup time and JSP compilation time.
06-Apr-2017 10:27:17.082 SEVERE [localhost-startStop-1] org.apache.catalina.core.StandardContext.startInternal One or more Filters failed to start. Full details will be found in the appropriate container log file
06-Apr-2017 10:27:17.082 SEVERE [localhost-startStop-1] org.apache.catalina.core.StandardContext.startInternal Context [/jspBaseTest] startup failed due to previous errors
06-Apr-2017 10:27:17.136 INFO [localhost-startStop-1] org.apache.catalina.startup.HostConfig.deployDirectory Deployment of web application directory /home/kinthon/github/java_back_end_learning/java_web_framework/java_servlet_jsp/tomcat/webapps/jspBaseTest has finished in 431 ms
06-Apr-2017 10:27:17.136 INFO [localhost-startStop-1] org.apache.catalina.startup.HostConfig.deployDirectory Deploying web application directory /home/kinthon/github/java_back_end_learning/java_web_framework/java_servlet_jsp/tomcat/webapps/host-manager
06-Apr-2017 10:27:17.201 INFO [localhost-startStop-1] org.apache.catalina.startup.HostConfig.deployDirectory Deployment of web application directory /home/kinthon/github/java_back_end_learning/java_web_framework/java_servlet_jsp/tomcat/webapps/host-manager has finished in 65 ms
06-Apr-2017 10:27:17.201 INFO [localhost-startStop-1] org.apache.catalina.startup.HostConfig.deployDirectory Deploying web application directory /home/kinthon/github/java_back_end_learning/java_web_framework/java_servlet_jsp/tomcat/webapps/docs
06-Apr-2017 10:27:17.254 INFO [localhost-startStop-1] org.apache.catalina.startup.HostConfig.deployDirectory Deployment of web application directory /home/kinthon/github/java_back_end_learning/java_web_framework/java_servlet_jsp/tomcat/webapps/docs has finished in 52 ms
06-Apr-2017 10:27:17.254 INFO [localhost-startStop-1] org.apache.catalina.startup.HostConfig.deployDirectory Deploying web application directory /home/kinthon/github/java_back_end_learning/java_web_framework/java_servlet_jsp/tomcat/webapps/interllitest
06-Apr-2017 10:27:17.468 INFO [localhost-startStop-1] org.apache.jasper.servlet.TldScanner.scanJars At least one JAR was scanned for TLDs yet contained no TLDs. Enable debug logging for this logger for a complete list of JARs that were scanned but no TLDs were found in them. Skipping unneeded JARs during scanning can improve startup time and JSP compilation time.
06-Apr-2017 10:27:17.474 INFO [localhost-startStop-1] org.apache.catalina.startup.HostConfig.deployDirectory Deployment of web application directory /home/kinthon/github/java_back_end_learning/java_web_framework/java_servlet_jsp/tomcat/webapps/interllitest has finished in 219 ms
06-Apr-2017 10:27:17.474 INFO [localhost-startStop-1] org.apache.catalina.startup.HostConfig.deployDirectory Deploying web application directory /home/kinthon/github/java_back_end_learning/java_web_framework/java_servlet_jsp/tomcat/webapps/ROOT
06-Apr-2017 10:27:17.697 INFO [localhost-startStop-1] org.apache.jasper.servlet.TldScanner.scanJars At least one JAR was scanned for TLDs yet contained no TLDs. Enable debug logging for this logger for a complete list of JARs that were scanned but no TLDs were found in them. Skipping unneeded JARs during scanning can improve startup time and JSP compilation time.
06-Apr-2017 10:27:17.700 INFO [localhost-startStop-1] org.apache.catalina.startup.HostConfig.deployDirectory Deployment of web application directory /home/kinthon/github/java_back_end_learning/java_web_framework/java_servlet_jsp/tomcat/webapps/ROOT has finished in 226 ms
06-Apr-2017 10:27:17.700 INFO [localhost-startStop-1] org.apache.catalina.startup.HostConfig.deployDirectory Deploying web application directory /home/kinthon/github/java_back_end_learning/java_web_framework/java_servlet_jsp/tomcat/webapps/examples
06-Apr-2017 10:27:18.169 INFO [localhost-startStop-1] org.apache.catalina.startup.HostConfig.deployDirectory Deployment of web application directory /home/kinthon/github/java_back_end_learning/java_web_framework/java_servlet_jsp/tomcat/webapps/examples has finished in 469 ms
06-Apr-2017 10:27:18.180 INFO [main] org.apache.coyote.AbstractProtocol.start Starting ProtocolHandler [http-nio-8080]
06-Apr-2017 10:27:18.193 INFO [main] org.apache.coyote.AbstractProtocol.start Starting ProtocolHandler [ajp-nio-8009]
06-Apr-2017 10:27:18.198 INFO [main] org.apache.catalina.startup.Catalina.start Server startup in 2660 ms
06-Apr-2017 11:18:16.399 WARNING [main] org.apache.catalina.core.StandardServer.await StandardServer.await: Invalid command '' received
06-Apr-2017 11:18:45.562 INFO [main] org.apache.catalina.core.StandardServer.await A valid shutdown command was received via the shutdown port. Stopping the Server instance.
06-Apr-2017 11:18:45.563 INFO [main] org.apache.coyote.AbstractProtocol.pause Pausing ProtocolHandler ["http-nio-8080"]
06-Apr-2017 11:18:45.642 INFO [main] org.apache.coyote.AbstractProtocol.pause Pausing ProtocolHandler ["ajp-nio-8009"]
06-Apr-2017 11:18:45.693 INFO [main] org.apache.catalina.core.StandardService.stopInternal Stopping service Catalina
06-Apr-2017 11:18:45.744 INFO [main] org.apache.coyote.AbstractProtocol.stop Stopping ProtocolHandler ["http-nio-8080"]
06-Apr-2017 11:18:45.747 INFO [main] org.apache.coyote.AbstractProtocol.stop Stopping ProtocolHandler ["ajp-nio-8009"]
06-Apr-2017 11:18:45.750 INFO [main] org.apache.coyote.AbstractProtocol.destroy Destroying ProtocolHandler ["http-nio-8080"]
06-Apr-2017 11:18:45.751 INFO [main] org.apache.coyote.AbstractProtocol.destroy Destroying ProtocolHandler ["ajp-nio-8009"]
